{"/Users/benwainwright/repos/zero/packages/domain/src/index.ts": {"path":"/Users/benwainwright/repos/zero/packages/domain/src/index.ts","statementMap":{},"fnMap":{},"branchMap":{},"s":{},"f":{},"b":{},"meta":{"lastBranch":0,"lastFunction":0,"lastStatement":0,"seen":{}}}
,"/Users/benwainwright/repos/zero/packages/domain/src/core/authorisation-error.ts": {"path":"/Users/benwainwright/repos/zero/packages/domain/src/core/authorisation-error.ts","statementMap":{"0":{"start":{"line":10,"column":4},"end":{"line":10,"column":null}},"1":{"start":{"line":7,"column":20},"end":{"line":7,"column":null}},"2":{"start":{"line":8,"column":20},"end":{"line":8,"column":null}}},"fnMap":{"0":{"name":"(anonymous_0)","decl":{"start":{"line":6,"column":9},"end":{"line":6,"column":null}},"loc":{"start":{"line":9,"column":4},"end":{"line":11,"column":null}},"line":9}},"branchMap":{},"s":{"0":10,"1":10,"2":10},"f":{"0":10},"b":{},"meta":{"lastBranch":0,"lastFunction":1,"lastStatement":3,"seen":{"f:6:9:6:Infinity":0,"s:10:4:10:Infinity":0,"s:7:20:7:Infinity":1,"s:8:20:8:Infinity":2}}}
,"/Users/benwainwright/repos/zero/packages/domain/src/core/capability-list.ts": {"path":"/Users/benwainwright/repos/zero/packages/domain/src/core/capability-list.ts","statementMap":{},"fnMap":{},"branchMap":{},"s":{},"f":{},"b":{},"meta":{"lastBranch":0,"lastFunction":0,"lastStatement":0,"seen":{}}}
,"/Users/benwainwright/repos/zero/packages/domain/src/core/domain-error.ts": {"path":"/Users/benwainwright/repos/zero/packages/domain/src/core/domain-error.ts","statementMap":{},"fnMap":{},"branchMap":{},"s":{},"f":{},"b":{},"meta":{"lastBranch":0,"lastFunction":0,"lastStatement":0,"seen":{}}}
,"/Users/benwainwright/repos/zero/packages/domain/src/core/domain-events.ts": {"path":"/Users/benwainwright/repos/zero/packages/domain/src/core/domain-events.ts","statementMap":{},"fnMap":{},"branchMap":{},"s":{},"f":{},"b":{},"meta":{"lastBranch":0,"lastFunction":0,"lastStatement":0,"seen":{}}}
,"/Users/benwainwright/repos/zero/packages/domain/src/core/domain-model.ts": {"path":"/Users/benwainwright/repos/zero/packages/domain/src/core/domain-model.ts","statementMap":{"0":{"start":{"line":8,"column":65},"end":{"line":8,"column":null}},"1":{"start":{"line":11,"column":4},"end":{"line":11,"column":null}},"2":{"start":{"line":15,"column":19},"end":{"line":15,"column":null}},"3":{"start":{"line":16,"column":4},"end":{"line":16,"column":null}},"4":{"start":{"line":17,"column":4},"end":{"line":17,"column":null}},"5":{"start":{"line":23,"column":4},"end":{"line":23,"column":null}}},"fnMap":{"0":{"name":"(anonymous_0)","decl":{"start":{"line":10,"column":9},"end":{"line":10,"column":30}},"loc":{"start":{"line":10,"column":30},"end":{"line":12,"column":null}},"line":10},"1":{"name":"(anonymous_1)","decl":{"start":{"line":14,"column":9},"end":{"line":14,"column":68}},"loc":{"start":{"line":14,"column":68},"end":{"line":18,"column":null}},"line":14},"2":{"name":"(anonymous_2)","decl":{"start":{"line":20,"column":12},"end":{"line":20,"column":null}},"loc":{"start":{"line":22,"column":4},"end":{"line":24,"column":null}},"line":22}},"branchMap":{},"s":{"0":30,"1":0,"2":3,"3":3,"4":3,"5":5},"f":{"0":0,"1":3,"2":5},"b":{},"meta":{"lastBranch":0,"lastFunction":3,"lastStatement":6,"seen":{"s:8:65:8:Infinity":0,"f:10:9:10:30":0,"s:11:4:11:Infinity":1,"f:14:9:14:68":1,"s:15:19:15:Infinity":2,"s:16:4:16:Infinity":3,"s:17:4:17:Infinity":4,"f:20:12:20:Infinity":2,"s:23:4:23:Infinity":5}}}
,"/Users/benwainwright/repos/zero/packages/domain/src/core/grants.ts": {"path":"/Users/benwainwright/repos/zero/packages/domain/src/core/grants.ts","statementMap":{"0":{"start":{"line":7,"column":38},"end":{"line":7,"column":66}},"1":{"start":{"line":14,"column":31},"end":{"line":18,"column":null}},"2":{"start":{"line":16,"column":8},"end":{"line":17,"column":null}},"3":{"start":{"line":20,"column":4},"end":{"line":22,"column":null}},"4":{"start":{"line":21,"column":17},"end":{"line":21,"column":null}},"5":{"start":{"line":26,"column":33},"end":{"line":30,"column":null}},"6":{"start":{"line":32,"column":32},"end":{"line":36,"column":null}},"7":{"start":{"line":38,"column":4},"end":{"line":40,"column":null}},"8":{"start":{"line":39,"column":6},"end":{"line":39,"column":null}},"9":{"start":{"line":42,"column":4},"end":{"line":42,"column":null}}},"fnMap":{"0":{"name":"(anonymous_0)","decl":{"start":{"line":7,"column":9},"end":{"line":7,"column":38}},"loc":{"start":{"line":7,"column":66},"end":{"line":7,"column":null}},"line":7},"1":{"name":"(anonymous_1)","decl":{"start":{"line":9,"column":9},"end":{"line":9,"column":null}},"loc":{"start":{"line":13,"column":4},"end":{"line":23,"column":null}},"line":13},"2":{"name":"(anonymous_2)","decl":{"start":{"line":15,"column":6},"end":{"line":15,"column":7}},"loc":{"start":{"line":16,"column":8},"end":{"line":17,"column":null}},"line":16},"3":{"name":"(anonymous_3)","decl":{"start":{"line":21,"column":6},"end":{"line":21,"column":7}},"loc":{"start":{"line":21,"column":17},"end":{"line":21,"column":null}},"line":21},"4":{"name":"(anonymous_4)","decl":{"start":{"line":25,"column":9},"end":{"line":25,"column":13}},"loc":{"start":{"line":25,"column":68},"end":{"line":43,"column":null}},"line":25}},"branchMap":{"0":{"loc":{"start":{"line":16,"column":8},"end":{"line":17,"column":null}},"type":"binary-expr","locations":[{"start":{"line":16,"column":8},"end":{"line":16,"column":null}},{"start":{"line":17,"column":8},"end":{"line":17,"column":null}}],"line":16},"1":{"loc":{"start":{"line":21,"column":17},"end":{"line":21,"column":null}},"type":"binary-expr","locations":[{"start":{"line":21,"column":17},"end":{"line":21,"column":43}},{"start":{"line":21,"column":43},"end":{"line":21,"column":null}}],"line":21},"2":{"loc":{"start":{"line":38,"column":4},"end":{"line":40,"column":null}},"type":"if","locations":[{"start":{"line":38,"column":4},"end":{"line":40,"column":null}},{"start":{},"end":{}}],"line":38},"3":{"loc":{"start":{"line":38,"column":8},"end":{"line":38,"column":54}},"type":"binary-expr","locations":[{"start":{"line":38,"column":8},"end":{"line":38,"column":32}},{"start":{"line":38,"column":32},"end":{"line":38,"column":54}}],"line":38}},"s":{"0":9,"1":18,"2":24,"3":18,"4":10,"5":9,"6":9,"7":9,"8":4,"9":5},"f":{"0":9,"1":18,"2":24,"3":10,"4":9},"b":{"0":[24,12],"1":[10,5],"2":[4,5],"3":[9,6]},"meta":{"lastBranch":4,"lastFunction":5,"lastStatement":10,"seen":{"f:7:9:7:38":0,"s:7:38:7:66":0,"f:9:9:9:Infinity":1,"s:14:31:18:Infinity":1,"f:15:6:15:7":2,"s:16:8:17:Infinity":2,"b:16:8:16:Infinity:17:8:17:Infinity":0,"s:20:4:22:Infinity":3,"f:21:6:21:7":3,"s:21:17:21:Infinity":4,"b:21:17:21:43:21:43:21:Infinity":1,"f:25:9:25:13":4,"s:26:33:30:Infinity":5,"s:32:32:36:Infinity":6,"b:38:4:40:Infinity:undefined:undefined:undefined:undefined":2,"s:38:4:40:Infinity":7,"b:38:8:38:32:38:32:38:54":3,"s:39:6:39:Infinity":8,"s:42:4:42:Infinity":9}}}
,"/Users/benwainwright/repos/zero/packages/domain/src/core/i-actor.ts": {"path":"/Users/benwainwright/repos/zero/packages/domain/src/core/i-actor.ts","statementMap":{},"fnMap":{},"branchMap":{},"s":{},"f":{},"b":{},"meta":{"lastBranch":0,"lastFunction":0,"lastStatement":0,"seen":{}}}
,"/Users/benwainwright/repos/zero/packages/domain/src/core/i-capability.ts": {"path":"/Users/benwainwright/repos/zero/packages/domain/src/core/i-capability.ts","statementMap":{"0":{"start":{"line":3,"column":28},"end":{"line":3,"column":null}}},"fnMap":{},"branchMap":{},"s":{"0":1},"f":{},"b":{},"meta":{"lastBranch":0,"lastFunction":0,"lastStatement":1,"seen":{"s:3:28:3:Infinity":0}}}
,"/Users/benwainwright/repos/zero/packages/domain/src/core/i-event.ts": {"path":"/Users/benwainwright/repos/zero/packages/domain/src/core/i-event.ts","statementMap":{},"fnMap":{},"branchMap":{},"s":{},"f":{},"b":{},"meta":{"lastBranch":0,"lastFunction":0,"lastStatement":0,"seen":{}}}
,"/Users/benwainwright/repos/zero/packages/domain/src/core/index.ts": {"path":"/Users/benwainwright/repos/zero/packages/domain/src/core/index.ts","statementMap":{},"fnMap":{},"branchMap":{},"s":{},"f":{},"b":{},"meta":{"lastBranch":0,"lastFunction":0,"lastStatement":0,"seen":{}}}
,"/Users/benwainwright/repos/zero/packages/domain/src/permission/i-permission.ts": {"path":"/Users/benwainwright/repos/zero/packages/domain/src/permission/i-permission.ts","statementMap":{"0":{"start":{"line":5,"column":32},"end":{"line":11,"column":null}},"1":{"start":{"line":7,"column":52},"end":{"line":7,"column":73}}},"fnMap":{"0":{"name":"(anonymous_0)","decl":{"start":{"line":7,"column":36},"end":{"line":7,"column":37}},"loc":{"start":{"line":7,"column":52},"end":{"line":7,"column":73}},"line":7}},"branchMap":{},"s":{"0":1,"1":4},"f":{"0":4},"b":{},"meta":{"lastBranch":0,"lastFunction":1,"lastStatement":2,"seen":{"s:5:32:11:Infinity":0,"f:7:36:7:37":0,"s:7:52:7:73":1}}}
,"/Users/benwainwright/repos/zero/packages/domain/src/permission/index.ts": {"path":"/Users/benwainwright/repos/zero/packages/domain/src/permission/index.ts","statementMap":{},"fnMap":{},"branchMap":{},"s":{},"f":{},"b":{},"meta":{"lastBranch":0,"lastFunction":0,"lastStatement":0,"seen":{}}}
,"/Users/benwainwright/repos/zero/packages/domain/src/role/i-role.ts": {"path":"/Users/benwainwright/repos/zero/packages/domain/src/role/i-role.ts","statementMap":{"0":{"start":{"line":4,"column":26},"end":{"line":8,"column":null}}},"fnMap":{},"branchMap":{},"s":{"0":1},"f":{},"b":{},"meta":{"lastBranch":0,"lastFunction":0,"lastStatement":1,"seen":{"s:4:26:8:Infinity":0}}}
,"/Users/benwainwright/repos/zero/packages/domain/src/role/index.ts": {"path":"/Users/benwainwright/repos/zero/packages/domain/src/role/index.ts","statementMap":{},"fnMap":{},"branchMap":{},"s":{},"f":{},"b":{},"meta":{"lastBranch":0,"lastFunction":0,"lastStatement":0,"seen":{}}}
,"/Users/benwainwright/repos/zero/packages/domain/src/role/role.ts": {"path":"/Users/benwainwright/repos/zero/packages/domain/src/role/role.ts","statementMap":{"0":{"start":{"line":13,"column":4},"end":{"line":13,"column":null}},"1":{"start":{"line":17,"column":4},"end":{"line":17,"column":null}},"2":{"start":{"line":18,"column":4},"end":{"line":18,"column":null}},"3":{"start":{"line":19,"column":4},"end":{"line":19,"column":null}},"4":{"start":{"line":20,"column":4},"end":{"line":20,"column":null}},"5":{"start":{"line":28,"column":4},"end":{"line":32,"column":null}}},"fnMap":{"0":{"name":"(anonymous_0)","decl":{"start":{"line":12,"column":16},"end":{"line":12,"column":29}},"loc":{"start":{"line":12,"column":44},"end":{"line":14,"column":null}},"line":12},"1":{"name":"(anonymous_1)","decl":{"start":{"line":16,"column":9},"end":{"line":16,"column":21}},"loc":{"start":{"line":16,"column":36},"end":{"line":21,"column":null}},"line":16},"2":{"name":"(anonymous_2)","decl":{"start":{"line":23,"column":18},"end":{"line":23,"column":27}},"loc":{"start":{"line":27,"column":4},"end":{"line":33,"column":null}},"line":27}},"branchMap":{},"s":{"0":2,"1":2,"2":2,"3":2,"4":2,"5":0},"f":{"0":1,"1":2,"2":0},"b":{},"meta":{"lastBranch":0,"lastFunction":3,"lastStatement":6,"seen":{"f:12:16:12:29":0,"s:13:4:13:Infinity":0,"f:16:9:16:21":1,"s:17:4:17:Infinity":1,"s:18:4:18:Infinity":2,"s:19:4:19:Infinity":3,"s:20:4:20:Infinity":4,"f:23:18:23:27":2,"s:28:4:32:Infinity":5}}}
,"/Users/benwainwright/repos/zero/packages/domain/src/user/i-user.ts": {"path":"/Users/benwainwright/repos/zero/packages/domain/src/user/i-user.ts","statementMap":{"0":{"start":{"line":4,"column":26},"end":{"line":9,"column":null}}},"fnMap":{},"branchMap":{},"s":{"0":1},"f":{},"b":{},"meta":{"lastBranch":0,"lastFunction":0,"lastStatement":1,"seen":{"s:4:26:9:Infinity":0}}}
,"/Users/benwainwright/repos/zero/packages/domain/src/user/index.ts": {"path":"/Users/benwainwright/repos/zero/packages/domain/src/user/index.ts","statementMap":{},"fnMap":{},"branchMap":{},"s":{},"f":{},"b":{},"meta":{"lastBranch":0,"lastFunction":0,"lastStatement":0,"seen":{}}}
,"/Users/benwainwright/repos/zero/packages/domain/src/user/user-capabilities.ts": {"path":"/Users/benwainwright/repos/zero/packages/domain/src/user/user-capabilities.ts","statementMap":{"0":{"start":{"line":3,"column":32},"end":{"line":8,"column":null}}},"fnMap":{},"branchMap":{},"s":{"0":1},"f":{},"b":{},"meta":{"lastBranch":0,"lastFunction":0,"lastStatement":1,"seen":{"s:3:32:8:Infinity":0}}}
,"/Users/benwainwright/repos/zero/packages/domain/src/user/user-events.ts": {"path":"/Users/benwainwright/repos/zero/packages/domain/src/user/user-events.ts","statementMap":{},"fnMap":{},"branchMap":{},"s":{},"f":{},"b":{},"meta":{"lastBranch":0,"lastFunction":0,"lastStatement":0,"seen":{}}}
,"/Users/benwainwright/repos/zero/packages/domain/src/user/user.ts": {"path":"/Users/benwainwright/repos/zero/packages/domain/src/user/user.ts","statementMap":{"0":{"start":{"line":12,"column":4},"end":{"line":12,"column":null}},"1":{"start":{"line":13,"column":4},"end":{"line":13,"column":null}},"2":{"start":{"line":14,"column":4},"end":{"line":14,"column":null}},"3":{"start":{"line":15,"column":4},"end":{"line":15,"column":null}},"4":{"start":{"line":16,"column":4},"end":{"line":16,"column":null}},"5":{"start":{"line":16,"column":45},"end":{"line":16,"column":68}},"6":{"start":{"line":20,"column":4},"end":{"line":20,"column":null}},"7":{"start":{"line":24,"column":4},"end":{"line":26,"column":null}},"8":{"start":{"line":25,"column":36},"end":{"line":25,"column":63}},"9":{"start":{"line":30,"column":4},"end":{"line":30,"column":null}},"10":{"start":{"line":34,"column":17},"end":{"line":34,"column":null}},"11":{"start":{"line":35,"column":4},"end":{"line":35,"column":null}},"12":{"start":{"line":36,"column":4},"end":{"line":36,"column":null}},"13":{"start":{"line":40,"column":4},"end":{"line":45,"column":null}},"14":{"start":{"line":41,"column":39},"end":{"line":41,"column":60}},"15":{"start":{"line":49,"column":4},"end":{"line":49,"column":null}},"16":{"start":{"line":50,"column":4},"end":{"line":50,"column":null}},"17":{"start":{"line":54,"column":4},"end":{"line":54,"column":null}},"18":{"start":{"line":58,"column":4},"end":{"line":58,"column":null}},"19":{"start":{"line":62,"column":4},"end":{"line":62,"column":null}},"20":{"start":{"line":66,"column":16},"end":{"line":66,"column":null}},"21":{"start":{"line":67,"column":4},"end":{"line":67,"column":null}},"22":{"start":{"line":68,"column":4},"end":{"line":68,"column":null}},"23":{"start":{"line":69,"column":4},"end":{"line":69,"column":null}}},"fnMap":{"0":{"name":"(anonymous_0)","decl":{"start":{"line":11,"column":10},"end":{"line":11,"column":22}},"loc":{"start":{"line":11,"column":37},"end":{"line":17,"column":null}},"line":11},"1":{"name":"(anonymous_1)","decl":{"start":{"line":16,"column":35},"end":{"line":16,"column":36}},"loc":{"start":{"line":16,"column":45},"end":{"line":16,"column":68}},"line":16},"2":{"name":"(anonymous_2)","decl":{"start":{"line":19,"column":9},"end":{"line":19,"column":17}},"loc":{"start":{"line":19,"column":17},"end":{"line":21,"column":null}},"line":19},"3":{"name":"(anonymous_3)","decl":{"start":{"line":23,"column":13},"end":{"line":23,"column":22}},"loc":{"start":{"line":23,"column":22},"end":{"line":27,"column":null}},"line":23},"4":{"name":"(anonymous_4)","decl":{"start":{"line":25,"column":26},"end":{"line":25,"column":27}},"loc":{"start":{"line":25,"column":36},"end":{"line":25,"column":63}},"line":25},"5":{"name":"(anonymous_5)","decl":{"start":{"line":29,"column":9},"end":{"line":29,"column":17}},"loc":{"start":{"line":29,"column":17},"end":{"line":31,"column":null}},"line":29},"6":{"name":"(anonymous_6)","decl":{"start":{"line":33,"column":16},"end":{"line":33,"column":23}},"loc":{"start":{"line":33,"column":38},"end":{"line":37,"column":null}},"line":33},"7":{"name":"(anonymous_7)","decl":{"start":{"line":39,"column":18},"end":{"line":39,"column":27}},"loc":{"start":{"line":39,"column":64},"end":{"line":46,"column":null}},"line":39},"8":{"name":"(anonymous_8)","decl":{"start":{"line":41,"column":29},"end":{"line":41,"column":30}},"loc":{"start":{"line":41,"column":39},"end":{"line":41,"column":60}},"line":41},"9":{"name":"(anonymous_9)","decl":{"start":{"line":48,"column":9},"end":{"line":48,"column":16}},"loc":{"start":{"line":48,"column":31},"end":{"line":51,"column":null}},"line":48},"10":{"name":"(anonymous_10)","decl":{"start":{"line":53,"column":16},"end":{"line":53,"column":29}},"loc":{"start":{"line":53,"column":48},"end":{"line":55,"column":null}},"line":53},"11":{"name":"(anonymous_11)","decl":{"start":{"line":57,"column":13},"end":{"line":57,"column":28}},"loc":{"start":{"line":57,"column":28},"end":{"line":59,"column":null}},"line":57},"12":{"name":"(anonymous_12)","decl":{"start":{"line":61,"column":13},"end":{"line":61,"column":21}},"loc":{"start":{"line":61,"column":21},"end":{"line":63,"column":null}},"line":61},"13":{"name":"(anonymous_13)","decl":{"start":{"line":65,"column":9},"end":{"line":65,"column":16}},"loc":{"start":{"line":65,"column":68},"end":{"line":70,"column":null}},"line":65}},"branchMap":{"0":{"loc":{"start":{"line":43,"column":20},"end":{"line":43,"column":null}},"type":"cond-expr","locations":[{"start":{"line":43,"column":37},"end":{"line":43,"column":58}},{"start":{"line":43,"column":58},"end":{"line":43,"column":null}}],"line":43},"1":{"loc":{"start":{"line":67,"column":25},"end":{"line":67,"column":null}},"type":"binary-expr","locations":[{"start":{"line":67,"column":25},"end":{"line":67,"column":33}},{"start":{"line":67,"column":33},"end":{"line":67,"column":null}}],"line":67},"2":{"loc":{"start":{"line":68,"column":18},"end":{"line":68,"column":null}},"type":"binary-expr","locations":[{"start":{"line":68,"column":18},"end":{"line":68,"column":27}},{"start":{"line":68,"column":27},"end":{"line":68,"column":null}}],"line":68}},"s":{"0":13,"1":13,"2":13,"3":13,"4":13,"5":2,"6":4,"7":0,"8":0,"9":0,"10":1,"11":1,"12":1,"13":6,"14":0,"15":2,"16":2,"17":12,"18":0,"19":0,"20":2,"21":2,"22":2,"23":2},"f":{"0":13,"1":2,"2":4,"3":0,"4":0,"5":0,"6":1,"7":6,"8":0,"9":2,"10":1,"11":0,"12":0,"13":2},"b":{"0":[5,1],"1":[2,0],"2":[2,2]},"meta":{"lastBranch":3,"lastFunction":14,"lastStatement":24,"seen":{"f:11:10:11:22":0,"s:12:4:12:Infinity":0,"s:13:4:13:Infinity":1,"s:14:4:14:Infinity":2,"s:15:4:15:Infinity":3,"s:16:4:16:Infinity":4,"f:16:35:16:36":1,"s:16:45:16:68":5,"f:19:9:19:17":2,"s:20:4:20:Infinity":6,"f:23:13:23:22":3,"s:24:4:26:Infinity":7,"f:25:26:25:27":4,"s:25:36:25:63":8,"f:29:9:29:17":5,"s:30:4:30:Infinity":9,"f:33:16:33:23":6,"s:34:17:34:Infinity":10,"s:35:4:35:Infinity":11,"s:36:4:36:Infinity":12,"f:39:18:39:27":7,"s:40:4:45:Infinity":13,"f:41:29:41:30":8,"s:41:39:41:60":14,"b:43:37:43:58:43:58:43:Infinity":0,"f:48:9:48:16":9,"s:49:4:49:Infinity":15,"s:50:4:50:Infinity":16,"f:53:16:53:29":10,"s:54:4:54:Infinity":17,"f:57:13:57:28":11,"s:58:4:58:Infinity":18,"f:61:13:61:21":12,"s:62:4:62:Infinity":19,"f:65:9:65:16":13,"s:66:16:66:Infinity":20,"s:67:4:67:Infinity":21,"b:67:25:67:33:67:33:67:Infinity":1,"s:68:4:68:Infinity":22,"b:68:18:68:27:68:27:68:Infinity":2,"s:69:4:69:Infinity":23}}}
}
